<?xml version="1.0" encoding="UTF-8"?>
<testsuite name="org.cloudfoundry.samples.music.ApplicationTests" tests="1" skipped="0" failures="0" errors="0" timestamp="2018-04-10T13:04:05" hostname="Jeremys-MacBook-Pro.local" time="0.052">
  <properties/>
  <testcase name="contextLoads" classname="org.cloudfoundry.samples.music.ApplicationTests" time="0.052"/>
  <system-out><![CDATA[07:03:31.460 [Test worker] DEBUG org.springframework.test.context.junit4.SpringJUnit4ClassRunner - SpringJUnit4ClassRunner constructor called with [class org.cloudfoundry.samples.music.ApplicationTests]
07:03:31.469 [Test worker] DEBUG org.springframework.test.context.BootstrapUtils - Instantiating CacheAwareContextLoaderDelegate from class [org.springframework.test.context.cache.DefaultCacheAwareContextLoaderDelegate]
07:03:31.479 [Test worker] DEBUG org.springframework.test.context.BootstrapUtils - Instantiating BootstrapContext using constructor [public org.springframework.test.context.support.DefaultBootstrapContext(java.lang.Class,org.springframework.test.context.CacheAwareContextLoaderDelegate)]
07:03:31.501 [Test worker] DEBUG org.springframework.test.context.BootstrapUtils - Instantiating TestContextBootstrapper for test class [org.cloudfoundry.samples.music.ApplicationTests] from class [org.springframework.boot.test.context.SpringBootTestContextBootstrapper]
07:03:31.515 [Test worker] INFO org.springframework.boot.test.context.SpringBootTestContextBootstrapper - Neither @ContextConfiguration nor @ContextHierarchy found for test class [org.cloudfoundry.samples.music.ApplicationTests], using SpringBootContextLoader
07:03:31.519 [Test worker] DEBUG org.springframework.test.context.support.AbstractContextLoader - Did not detect default resource location for test class [org.cloudfoundry.samples.music.ApplicationTests]: class path resource [org/cloudfoundry/samples/music/ApplicationTests-context.xml] does not exist
07:03:31.520 [Test worker] DEBUG org.springframework.test.context.support.AbstractContextLoader - Did not detect default resource location for test class [org.cloudfoundry.samples.music.ApplicationTests]: class path resource [org/cloudfoundry/samples/music/ApplicationTestsContext.groovy] does not exist
07:03:31.520 [Test worker] INFO org.springframework.test.context.support.AbstractContextLoader - Could not detect default resource locations for test class [org.cloudfoundry.samples.music.ApplicationTests]: no resource found for suffixes {-context.xml, Context.groovy}.
07:03:31.522 [Test worker] INFO org.springframework.test.context.support.AnnotationConfigContextLoaderUtils - Could not detect default configuration classes for test class [org.cloudfoundry.samples.music.ApplicationTests]: ApplicationTests does not declare any static, non-private, non-final, nested classes annotated with @Configuration.
07:03:31.596 [Test worker] DEBUG org.springframework.core.env.StandardEnvironment - Adding [systemProperties] PropertySource with lowest search precedence
07:03:31.603 [Test worker] DEBUG org.springframework.core.env.StandardEnvironment - Adding [systemEnvironment] PropertySource with lowest search precedence
07:03:31.605 [Test worker] DEBUG org.springframework.core.env.StandardEnvironment - Initialized StandardEnvironment with PropertySources [systemProperties,systemEnvironment]
07:03:31.617 [Test worker] DEBUG org.springframework.core.io.support.PathMatchingResourcePatternResolver - Resolved classpath location [org/cloudfoundry/samples/music/] to resources [URL [file:/Users/jeremyrickard/projects/spring-music/build/classes/java/test/org/cloudfoundry/samples/music/], URL [file:/Users/jeremyrickard/projects/spring-music/build/classes/java/main/org/cloudfoundry/samples/music/]]
07:03:31.618 [Test worker] DEBUG org.springframework.core.io.support.PathMatchingResourcePatternResolver - Looking for matching resources in directory tree [/Users/jeremyrickard/projects/spring-music/build/classes/java/test/org/cloudfoundry/samples/music]
07:03:31.618 [Test worker] DEBUG org.springframework.core.io.support.PathMatchingResourcePatternResolver - Searching directory [/Users/jeremyrickard/projects/spring-music/build/classes/java/test/org/cloudfoundry/samples/music] for files matching pattern [/Users/jeremyrickard/projects/spring-music/build/classes/java/test/org/cloudfoundry/samples/music/*.class]
07:03:31.622 [Test worker] DEBUG org.springframework.core.io.support.PathMatchingResourcePatternResolver - Looking for matching resources in directory tree [/Users/jeremyrickard/projects/spring-music/build/classes/java/main/org/cloudfoundry/samples/music]
07:03:31.622 [Test worker] DEBUG org.springframework.core.io.support.PathMatchingResourcePatternResolver - Searching directory [/Users/jeremyrickard/projects/spring-music/build/classes/java/main/org/cloudfoundry/samples/music] for files matching pattern [/Users/jeremyrickard/projects/spring-music/build/classes/java/main/org/cloudfoundry/samples/music/*.class]
07:03:31.624 [Test worker] DEBUG org.springframework.core.io.support.PathMatchingResourcePatternResolver - Resolved location pattern [classpath*:org/cloudfoundry/samples/music/*.class] to resources [file [/Users/jeremyrickard/projects/spring-music/build/classes/java/test/org/cloudfoundry/samples/music/ApplicationTests.class], file [/Users/jeremyrickard/projects/spring-music/build/classes/java/main/org/cloudfoundry/samples/music/Application.class], file [/Users/jeremyrickard/projects/spring-music/build/classes/java/main/org/cloudfoundry/samples/music/SpringMusicHealthAggregator.class]]
07:03:31.672 [Test worker] DEBUG org.springframework.context.annotation.ClassPathScanningCandidateComponentProvider - Identified candidate component class: file [/Users/jeremyrickard/projects/spring-music/build/classes/java/main/org/cloudfoundry/samples/music/Application.class]
07:03:31.677 [Test worker] INFO org.springframework.boot.test.context.SpringBootTestContextBootstrapper - Found @SpringBootConfiguration org.cloudfoundry.samples.music.Application for test class org.cloudfoundry.samples.music.ApplicationTests
07:03:31.681 [Test worker] DEBUG org.springframework.boot.test.context.SpringBootTestContextBootstrapper - @TestExecutionListeners is not present for class [org.cloudfoundry.samples.music.ApplicationTests]: using defaults.
07:03:31.686 [Test worker] INFO org.springframework.boot.test.context.SpringBootTestContextBootstrapper - Loaded default TestExecutionListener class names from location [META-INF/spring.factories]: [org.springframework.boot.test.autoconfigure.restdocs.RestDocsTestExecutionListener, org.springframework.boot.test.autoconfigure.web.client.MockRestServiceServerResetTestExecutionListener, org.springframework.boot.test.autoconfigure.web.servlet.MockMvcPrintOnlyOnFailureTestExecutionListener, org.springframework.boot.test.autoconfigure.web.servlet.WebDriverTestExecutionListener, org.springframework.boot.test.mock.mockito.MockitoTestExecutionListener, org.springframework.boot.test.mock.mockito.ResetMocksTestExecutionListener, org.springframework.test.context.web.ServletTestExecutionListener, org.springframework.test.context.support.DirtiesContextBeforeModesTestExecutionListener, org.springframework.test.context.support.DependencyInjectionTestExecutionListener, org.springframework.test.context.support.DirtiesContextTestExecutionListener, org.springframework.test.context.transaction.TransactionalTestExecutionListener, org.springframework.test.context.jdbc.SqlScriptsTestExecutionListener]
07:03:31.708 [Test worker] INFO org.springframework.boot.test.context.SpringBootTestContextBootstrapper - Using TestExecutionListeners: [org.springframework.test.context.web.ServletTestExecutionListener@684eb2ad, org.springframework.test.context.support.DirtiesContextBeforeModesTestExecutionListener@59c19a6a, org.springframework.boot.test.autoconfigure.SpringBootDependencyInjectionTestExecutionListener@704f2f05, org.springframework.test.context.support.DirtiesContextTestExecutionListener@2178ed65, org.springframework.test.context.transaction.TransactionalTestExecutionListener@3cbee83d, org.springframework.test.context.jdbc.SqlScriptsTestExecutionListener@69f9370a, org.springframework.boot.test.mock.mockito.MockitoTestExecutionListener@60c70a37, org.springframework.boot.test.mock.mockito.ResetMocksTestExecutionListener@632d08f, org.springframework.boot.test.autoconfigure.web.client.MockRestServiceServerResetTestExecutionListener@4d063f74, org.springframework.boot.test.autoconfigure.web.servlet.MockMvcPrintOnlyOnFailureTestExecutionListener@6de710b9, org.springframework.boot.test.autoconfigure.restdocs.RestDocsTestExecutionListener@35292980, org.springframework.boot.test.autoconfigure.web.servlet.WebDriverTestExecutionListener@258f2102]
07:03:31.712 [Test worker] DEBUG org.springframework.test.annotation.ProfileValueUtils - Retrieved @ProfileValueSourceConfiguration [null] for test class [org.cloudfoundry.samples.music.ApplicationTests]
07:03:31.713 [Test worker] DEBUG org.springframework.test.annotation.ProfileValueUtils - Retrieved ProfileValueSource type [class org.springframework.test.annotation.SystemProfileValueSource] for class [org.cloudfoundry.samples.music.ApplicationTests]
07:03:31.714 [Test worker] DEBUG org.springframework.test.annotation.ProfileValueUtils - Retrieved @ProfileValueSourceConfiguration [null] for test class [org.cloudfoundry.samples.music.ApplicationTests]
07:03:31.714 [Test worker] DEBUG org.springframework.test.annotation.ProfileValueUtils - Retrieved ProfileValueSource type [class org.springframework.test.annotation.SystemProfileValueSource] for class [org.cloudfoundry.samples.music.ApplicationTests]
07:03:31.718 [Test worker] DEBUG org.springframework.test.context.support.AbstractDirtiesContextTestExecutionListener - Before test class: context [DefaultTestContext@1dbdc91a testClass = ApplicationTests, testInstance = [null], testMethod = [null], testException = [null], mergedContextConfiguration = [WebMergedContextConfiguration@185bf92b testClass = ApplicationTests, locations = '{}', classes = '{class org.cloudfoundry.samples.music.Application}', contextInitializerClasses = '[]', activeProfiles = '{in-memory}', propertySourceLocations = '{}', propertySourceProperties = '{org.springframework.boot.test.context.SpringBootTestContextBootstrapper=true}', contextCustomizers = set[org.springframework.boot.test.autoconfigure.properties.PropertyMappingContextCustomizer@0, org.springframework.boot.test.autoconfigure.web.servlet.WebDriverContextCustomizerFactory$Customizer@16549507, org.springframework.boot.test.context.SpringBootTestContextCustomizer@39a815c9, org.springframework.boot.test.context.filter.ExcludeFilterContextCustomizer@4d323402, org.springframework.boot.test.json.DuplicateJsonObjectContextCustomizerFactory$DuplicateJsonObjectContextCustomizer@3752987b, org.springframework.boot.test.mock.mockito.MockitoContextCustomizer@0], resourceBasePath = 'src/main/webapp', contextLoader = 'org.springframework.boot.test.context.SpringBootContextLoader', parent = [null]]], class annotated with @DirtiesContext [false] with mode [null].
07:03:31.719 [Test worker] DEBUG org.springframework.test.annotation.ProfileValueUtils - Retrieved @ProfileValueSourceConfiguration [null] for test class [org.cloudfoundry.samples.music.ApplicationTests]
07:03:31.719 [Test worker] DEBUG org.springframework.test.annotation.ProfileValueUtils - Retrieved ProfileValueSource type [class org.springframework.test.annotation.SystemProfileValueSource] for class [org.cloudfoundry.samples.music.ApplicationTests]
07:03:31.787 [Test worker] DEBUG org.springframework.core.env.StandardEnvironment - Adding [systemProperties] PropertySource with lowest search precedence
07:03:31.787 [Test worker] DEBUG org.springframework.core.env.StandardEnvironment - Adding [systemEnvironment] PropertySource with lowest search precedence
07:03:31.787 [Test worker] DEBUG org.springframework.core.env.StandardEnvironment - Initialized StandardEnvironment with PropertySources [systemProperties,systemEnvironment]
07:03:31.788 [Test worker] DEBUG org.springframework.core.env.StandardEnvironment - Adding [test] PropertySource with highest search precedence
07:03:31.790 [Test worker] DEBUG org.springframework.core.env.MutablePropertySources - Adding [inline] PropertySource with highest search precedence
07:03:31.803 [Test worker] DEBUG org.springframework.test.context.support.TestPropertySourceUtils - Adding inlined properties to environment: {spring.jmx.enabled=false, org.springframework.boot.test.context.SpringBootTestContextBootstrapper=true, server.port=-1}
07:03:31.803 [Test worker] DEBUG org.springframework.core.env.StandardEnvironment - Adding [Inlined Test Properties] PropertySource with highest search precedence

  .   ____          _            __ _ _
 /\\ / ___'_ __ _ _(_)_ __  __ _ \ \ \ \
( ( )\___ | '_ | '_| | '_ \/ _` | \ \ \ \
 \\/  ___)| |_)| | | | | || (_| |  ) ) ) )
  '  |____| .__|_| |_|_| |_\__, | / / / /
 =========|_|==============|___/=/_/_/_/
 :: Spring Boot ::        (v1.5.4.RELEASE)

2018-04-10 07:03:47.082  INFO 40403 --- [    Test worker] o.c.samples.music.ApplicationTests       : Starting ApplicationTests on Jeremys-MacBook-Pro.local with PID 40403 (started by jeremyrickard in /Users/jeremyrickard/projects/spring-music)
2018-04-10 07:03:47.084  INFO 40403 --- [    Test worker] o.c.samples.music.ApplicationTests       : The following profiles are active: in-memory
2018-04-10 07:03:47.135  INFO 40403 --- [    Test worker] o.s.w.c.s.GenericWebApplicationContext   : Refreshing org.springframework.web.context.support.GenericWebApplicationContext@6e5cc56b: startup date [Tue Apr 10 07:03:47 MDT 2018]; root of context hierarchy
2018-04-10 07:03:47.867  INFO 40403 --- [    Test worker] o.s.b.f.s.DefaultListableBeanFactory     : Overriding bean definition for bean 'dataSource' with a different definition: replacing [Root bean: class [null]; scope=; abstract=false; lazyInit=false; autowireMode=3; dependencyCheck=0; autowireCandidate=true; primary=false; factoryBeanName=org.springframework.boot.autoconfigure.jdbc.DataSourceConfiguration$Dbcp; factoryMethodName=dataSource; initMethodName=null; destroyMethodName=(inferred); defined in class path resource [org/springframework/boot/autoconfigure/jdbc/DataSourceConfiguration$Dbcp.class]] with [Root bean: class [null]; scope=; abstract=false; lazyInit=false; autowireMode=3; dependencyCheck=0; autowireCandidate=true; primary=false; factoryBeanName=org.springframework.boot.autoconfigure.jdbc.DataSourceConfiguration$Tomcat; factoryMethodName=dataSource; initMethodName=null; destroyMethodName=(inferred); defined in class path resource [org/springframework/boot/autoconfigure/jdbc/DataSourceConfiguration$Tomcat.class]]
2018-04-10 07:03:48.076  INFO 40403 --- [    Test worker] .s.d.r.c.RepositoryConfigurationDelegate : Multiple Spring Data modules found, entering strict repository configuration mode!
2018-04-10 07:03:48.135  INFO 40403 --- [    Test worker] .s.d.r.c.RepositoryConfigurationDelegate : Multiple Spring Data modules found, entering strict repository configuration mode!
2018-04-10 07:03:48.156  INFO 40403 --- [    Test worker] .RepositoryConfigurationExtensionSupport : Spring Data MongoDB - Could not safely identify store assignment for repository candidate interface org.cloudfoundry.samples.music.repositories.jpa.JpaAlbumRepository.
2018-04-10 07:03:48.175  INFO 40403 --- [    Test worker] .s.d.r.c.RepositoryConfigurationDelegate : Multiple Spring Data modules found, entering strict repository configuration mode!
2018-04-10 07:03:48.197  INFO 40403 --- [    Test worker] .RepositoryConfigurationExtensionSupport : Spring Data Redis - Could not safely identify store assignment for repository candidate interface org.cloudfoundry.samples.music.repositories.jpa.JpaAlbumRepository.
2018-04-10 07:03:48.786  INFO 40403 --- [    Test worker] f.a.AutowiredAnnotationBeanPostProcessor : JSR-330 'javax.inject.Inject' annotation found and supported for autowiring
2018-04-10 07:03:50.166  INFO 40403 --- [    Test worker] j.LocalContainerEntityManagerFactoryBean : Building JPA container EntityManagerFactory for persistence unit 'default'
2018-04-10 07:03:50.195  INFO 40403 --- [    Test worker] o.hibernate.jpa.internal.util.LogHelper  : HHH000204: Processing PersistenceUnitInfo [
	name: default
	...]
2018-04-10 07:03:50.303  INFO 40403 --- [    Test worker] org.hibernate.Version                    : HHH000412: Hibernate Core {5.0.12.Final}
2018-04-10 07:03:50.305  INFO 40403 --- [    Test worker] org.hibernate.cfg.Environment            : HHH000206: hibernate.properties not found
2018-04-10 07:03:50.308  INFO 40403 --- [    Test worker] org.hibernate.cfg.Environment            : HHH000021: Bytecode provider name : javassist
2018-04-10 07:03:50.366  INFO 40403 --- [    Test worker] o.hibernate.annotations.common.Version   : HCANN000001: Hibernate Commons Annotations {5.0.1.Final}
2018-04-10 07:03:50.530  INFO 40403 --- [    Test worker] org.hibernate.dialect.Dialect            : HHH000400: Using dialect: org.hibernate.dialect.H2Dialect
2018-04-10 07:03:51.408  INFO 40403 --- [    Test worker] org.hibernate.tool.hbm2ddl.SchemaExport  : HHH000227: Running hbm2ddl schema export
2018-04-10 07:03:51.504  INFO 40403 --- [    Test worker] org.hibernate.tool.hbm2ddl.SchemaExport  : HHH000230: Schema export complete
2018-04-10 07:03:51.671  INFO 40403 --- [    Test worker] j.LocalContainerEntityManagerFactoryBean : Initialized JPA EntityManagerFactory for persistence unit 'default'
2018-04-10 07:03:53.199  INFO 40403 --- [    Test worker] s.w.s.m.m.a.RequestMappingHandlerAdapter : Looking for @ControllerAdvice: org.springframework.web.context.support.GenericWebApplicationContext@6e5cc56b: startup date [Tue Apr 10 07:03:47 MDT 2018]; root of context hierarchy
2018-04-10 07:03:53.287  INFO 40403 --- [    Test worker] s.w.s.m.m.a.RequestMappingHandlerMapping : Mapped "{[/albums],methods=[PUT]}" onto public org.cloudfoundry.samples.music.domain.Album org.cloudfoundry.samples.music.web.AlbumController.add(org.cloudfoundry.samples.music.domain.Album)
2018-04-10 07:03:53.288  INFO 40403 --- [    Test worker] s.w.s.m.m.a.RequestMappingHandlerMapping : Mapped "{[/albums],methods=[POST]}" onto public org.cloudfoundry.samples.music.domain.Album org.cloudfoundry.samples.music.web.AlbumController.update(org.cloudfoundry.samples.music.domain.Album)
2018-04-10 07:03:53.289  INFO 40403 --- [    Test worker] s.w.s.m.m.a.RequestMappingHandlerMapping : Mapped "{[/albums],methods=[GET]}" onto public java.lang.Iterable<org.cloudfoundry.samples.music.domain.Album> org.cloudfoundry.samples.music.web.AlbumController.albums()
2018-04-10 07:03:53.289  INFO 40403 --- [    Test worker] s.w.s.m.m.a.RequestMappingHandlerMapping : Mapped "{[/albums/{id}],methods=[GET]}" onto public org.cloudfoundry.samples.music.domain.Album org.cloudfoundry.samples.music.web.AlbumController.getById(java.lang.String)
2018-04-10 07:03:53.290  INFO 40403 --- [    Test worker] s.w.s.m.m.a.RequestMappingHandlerMapping : Mapped "{[/albums/{id}],methods=[DELETE]}" onto public void org.cloudfoundry.samples.music.web.AlbumController.deleteById(java.lang.String)
2018-04-10 07:03:53.291  INFO 40403 --- [    Test worker] s.w.s.m.m.a.RequestMappingHandlerMapping : Mapped "{[/errors/throw]}" onto public void org.cloudfoundry.samples.music.web.ErrorController.throwException()
2018-04-10 07:03:53.292  INFO 40403 --- [    Test worker] s.w.s.m.m.a.RequestMappingHandlerMapping : Mapped "{[/errors/fill-heap]}" onto public void org.cloudfoundry.samples.music.web.ErrorController.fillHeap()
2018-04-10 07:03:53.292  INFO 40403 --- [    Test worker] s.w.s.m.m.a.RequestMappingHandlerMapping : Mapped "{[/errors/kill]}" onto public void org.cloudfoundry.samples.music.web.ErrorController.kill()
2018-04-10 07:03:53.293  INFO 40403 --- [    Test worker] s.w.s.m.m.a.RequestMappingHandlerMapping : Mapped "{[/appinfo]}" onto public org.cloudfoundry.samples.music.domain.ApplicationInfo org.cloudfoundry.samples.music.web.InfoController.info()
2018-04-10 07:03:53.293  INFO 40403 --- [    Test worker] s.w.s.m.m.a.RequestMappingHandlerMapping : Mapped "{[/service]}" onto public java.util.List<org.springframework.cloud.service.ServiceInfo> org.cloudfoundry.samples.music.web.InfoController.showServiceInfo()
2018-04-10 07:03:53.296  INFO 40403 --- [    Test worker] s.w.s.m.m.a.RequestMappingHandlerMapping : Mapped "{[/error]}" onto public org.springframework.http.ResponseEntity<java.util.Map<java.lang.String, java.lang.Object>> org.springframework.boot.autoconfigure.web.BasicErrorController.error(javax.servlet.http.HttpServletRequest)
2018-04-10 07:03:53.296  INFO 40403 --- [    Test worker] s.w.s.m.m.a.RequestMappingHandlerMapping : Mapped "{[/error],produces=[text/html]}" onto public org.springframework.web.servlet.ModelAndView org.springframework.boot.autoconfigure.web.BasicErrorController.errorHtml(javax.servlet.http.HttpServletRequest,javax.servlet.http.HttpServletResponse)
2018-04-10 07:03:53.340  INFO 40403 --- [    Test worker] o.s.w.s.handler.SimpleUrlHandlerMapping  : Mapped URL path [/webjars/**] onto handler of type [class org.springframework.web.servlet.resource.ResourceHttpRequestHandler]
2018-04-10 07:03:53.340  INFO 40403 --- [    Test worker] o.s.w.s.handler.SimpleUrlHandlerMapping  : Mapped URL path [/**] onto handler of type [class org.springframework.web.servlet.resource.ResourceHttpRequestHandler]
2018-04-10 07:03:53.446  INFO 40403 --- [    Test worker] o.s.w.s.handler.SimpleUrlHandlerMapping  : Mapped URL path [/**/favicon.ico] onto handler of type [class org.springframework.web.servlet.resource.ResourceHttpRequestHandler]
2018-04-10 07:03:53.506  INFO 40403 --- [    Test worker] oConfiguration$WelcomePageHandlerMapping : Adding welcome page: ServletContext resource [/index.html]
2018-04-10 07:04:04.180  INFO 40403 --- [    Test worker] org.mongodb.driver.cluster               : Cluster created with settings {hosts=[localhost:27017], mode=SINGLE, requiredClusterType=UNKNOWN, serverSelectionTimeout='30000 ms', maxWaitQueueSize=500}
2018-04-10 07:04:04.238  INFO 40403 --- [localhost:27017] org.mongodb.driver.cluster               : Exception in monitor thread while connecting to server localhost:27017

com.mongodb.MongoSocketOpenException: Exception opening socket
	at com.mongodb.connection.SocketStream.open(SocketStream.java:63) ~[mongodb-driver-core-3.4.2.jar:na]
	at com.mongodb.connection.InternalStreamConnection.open(InternalStreamConnection.java:115) ~[mongodb-driver-core-3.4.2.jar:na]
	at com.mongodb.connection.DefaultServerMonitor$ServerMonitorRunnable.run(DefaultServerMonitor.java:113) ~[mongodb-driver-core-3.4.2.jar:na]
	at java.lang.Thread.run(Thread.java:748) [na:1.8.0_151]
Caused by: java.net.ConnectException: Connection refused (Connection refused)
	at java.net.PlainSocketImpl.socketConnect(Native Method) ~[na:1.8.0_151]
	at java.net.AbstractPlainSocketImpl.doConnect(AbstractPlainSocketImpl.java:350) ~[na:1.8.0_151]
	at java.net.AbstractPlainSocketImpl.connectToAddress(AbstractPlainSocketImpl.java:206) ~[na:1.8.0_151]
	at java.net.AbstractPlainSocketImpl.connect(AbstractPlainSocketImpl.java:188) ~[na:1.8.0_151]
	at java.net.SocksSocketImpl.connect(SocksSocketImpl.java:392) ~[na:1.8.0_151]
	at java.net.Socket.connect(Socket.java:589) ~[na:1.8.0_151]
	at com.mongodb.connection.SocketStreamHelper.initialize(SocketStreamHelper.java:57) ~[mongodb-driver-core-3.4.2.jar:na]
	at com.mongodb.connection.SocketStream.open(SocketStream.java:58) ~[mongodb-driver-core-3.4.2.jar:na]
	... 3 common frames omitted

2018-04-10 07:04:04.632  INFO 40403 --- [    Test worker] o.s.b.a.e.mvc.EndpointHandlerMapping     : Mapped "{[/loggers/{name:.*}],methods=[GET],produces=[application/vnd.spring-boot.actuator.v1+json || application/json]}" onto public java.lang.Object org.springframework.boot.actuate.endpoint.mvc.LoggersMvcEndpoint.get(java.lang.String)
2018-04-10 07:04:04.633  INFO 40403 --- [    Test worker] o.s.b.a.e.mvc.EndpointHandlerMapping     : Mapped "{[/loggers/{name:.*}],methods=[POST],consumes=[application/vnd.spring-boot.actuator.v1+json || application/json],produces=[application/vnd.spring-boot.actuator.v1+json || application/json]}" onto public java.lang.Object org.springframework.boot.actuate.endpoint.mvc.LoggersMvcEndpoint.set(java.lang.String,java.util.Map<java.lang.String, java.lang.String>)
2018-04-10 07:04:04.633  INFO 40403 --- [    Test worker] o.s.b.a.e.mvc.EndpointHandlerMapping     : Mapped "{[/loggers || /loggers.json],methods=[GET],produces=[application/vnd.spring-boot.actuator.v1+json || application/json]}" onto public java.lang.Object org.springframework.boot.actuate.endpoint.mvc.EndpointMvcAdapter.invoke()
2018-04-10 07:04:04.636  INFO 40403 --- [    Test worker] o.s.b.a.e.mvc.EndpointHandlerMapping     : Mapped "{[/metrics/{name:.*}],methods=[GET],produces=[application/vnd.spring-boot.actuator.v1+json || application/json]}" onto public java.lang.Object org.springframework.boot.actuate.endpoint.mvc.MetricsMvcEndpoint.value(java.lang.String)
2018-04-10 07:04:04.636  INFO 40403 --- [    Test worker] o.s.b.a.e.mvc.EndpointHandlerMapping     : Mapped "{[/metrics || /metrics.json],methods=[GET],produces=[application/vnd.spring-boot.actuator.v1+json || application/json]}" onto public java.lang.Object org.springframework.boot.actuate.endpoint.mvc.EndpointMvcAdapter.invoke()
2018-04-10 07:04:04.637  INFO 40403 --- [    Test worker] o.s.b.a.e.mvc.EndpointHandlerMapping     : Mapped "{[/auditevents || /auditevents.json],methods=[GET],produces=[application/vnd.spring-boot.actuator.v1+json || application/json]}" onto public org.springframework.http.ResponseEntity<?> org.springframework.boot.actuate.endpoint.mvc.AuditEventsMvcEndpoint.findByPrincipalAndAfterAndType(java.lang.String,java.util.Date,java.lang.String)
2018-04-10 07:04:04.638  INFO 40403 --- [    Test worker] o.s.b.a.e.mvc.EndpointHandlerMapping     : Mapped "{[/beans || /beans.json],methods=[GET],produces=[application/vnd.spring-boot.actuator.v1+json || application/json]}" onto public java.lang.Object org.springframework.boot.actuate.endpoint.mvc.EndpointMvcAdapter.invoke()
2018-04-10 07:04:04.639  INFO 40403 --- [    Test worker] o.s.b.a.e.mvc.EndpointHandlerMapping     : Mapped "{[/env/{name:.*}],methods=[GET],produces=[application/vnd.spring-boot.actuator.v1+json || application/json]}" onto public java.lang.Object org.springframework.boot.actuate.endpoint.mvc.EnvironmentMvcEndpoint.value(java.lang.String)
2018-04-10 07:04:04.640  INFO 40403 --- [    Test worker] o.s.b.a.e.mvc.EndpointHandlerMapping     : Mapped "{[/env || /env.json],methods=[GET],produces=[application/vnd.spring-boot.actuator.v1+json || application/json]}" onto public java.lang.Object org.springframework.boot.actuate.endpoint.mvc.EndpointMvcAdapter.invoke()
2018-04-10 07:04:04.641  INFO 40403 --- [    Test worker] o.s.b.a.e.mvc.EndpointHandlerMapping     : Mapped "{[/heapdump || /heapdump.json],methods=[GET],produces=[application/octet-stream]}" onto public void org.springframework.boot.actuate.endpoint.mvc.HeapdumpMvcEndpoint.invoke(boolean,javax.servlet.http.HttpServletRequest,javax.servlet.http.HttpServletResponse) throws java.io.IOException,javax.servlet.ServletException
2018-04-10 07:04:04.641  INFO 40403 --- [    Test worker] o.s.b.a.e.mvc.EndpointHandlerMapping     : Mapped "{[/info || /info.json],methods=[GET],produces=[application/vnd.spring-boot.actuator.v1+json || application/json]}" onto public java.lang.Object org.springframework.boot.actuate.endpoint.mvc.EndpointMvcAdapter.invoke()
2018-04-10 07:04:04.643  INFO 40403 --- [    Test worker] o.s.b.a.e.mvc.EndpointHandlerMapping     : Mapped "{[/trace || /trace.json],methods=[GET],produces=[application/vnd.spring-boot.actuator.v1+json || application/json]}" onto public java.lang.Object org.springframework.boot.actuate.endpoint.mvc.EndpointMvcAdapter.invoke()
2018-04-10 07:04:04.644  INFO 40403 --- [    Test worker] o.s.b.a.e.mvc.EndpointHandlerMapping     : Mapped "{[/configprops || /configprops.json],methods=[GET],produces=[application/vnd.spring-boot.actuator.v1+json || application/json]}" onto public java.lang.Object org.springframework.boot.actuate.endpoint.mvc.EndpointMvcAdapter.invoke()
2018-04-10 07:04:04.644  INFO 40403 --- [    Test worker] o.s.b.a.e.mvc.EndpointHandlerMapping     : Mapped "{[/mappings || /mappings.json],methods=[GET],produces=[application/vnd.spring-boot.actuator.v1+json || application/json]}" onto public java.lang.Object org.springframework.boot.actuate.endpoint.mvc.EndpointMvcAdapter.invoke()
2018-04-10 07:04:04.645  INFO 40403 --- [    Test worker] o.s.b.a.e.mvc.EndpointHandlerMapping     : Mapped "{[/health || /health.json],methods=[GET],produces=[application/vnd.spring-boot.actuator.v1+json || application/json]}" onto public java.lang.Object org.springframework.boot.actuate.endpoint.mvc.HealthMvcEndpoint.invoke(javax.servlet.http.HttpServletRequest,java.security.Principal)
2018-04-10 07:04:04.646  INFO 40403 --- [    Test worker] o.s.b.a.e.mvc.EndpointHandlerMapping     : Mapped "{[/dump || /dump.json],methods=[GET],produces=[application/vnd.spring-boot.actuator.v1+json || application/json]}" onto public java.lang.Object org.springframework.boot.actuate.endpoint.mvc.EndpointMvcAdapter.invoke()
2018-04-10 07:04:04.647  INFO 40403 --- [    Test worker] o.s.b.a.e.mvc.EndpointHandlerMapping     : Mapped "{[/autoconfig || /autoconfig.json],methods=[GET],produces=[application/vnd.spring-boot.actuator.v1+json || application/json]}" onto public java.lang.Object org.springframework.boot.actuate.endpoint.mvc.EndpointMvcAdapter.invoke()
2018-04-10 07:04:05.027  INFO 40403 --- [    Test worker] o.h.h.i.QueryTranslatorFactoryInitiator  : HHH000397: Using ASTQueryTranslatorFactory
2018-04-10 07:04:05.283  INFO 40403 --- [    Test worker] o.c.samples.music.ApplicationTests       : Started ApplicationTests in 33.47 seconds (JVM running for 34.51)
]]></system-out>
  <system-err><![CDATA[]]></system-err>
</testsuite>
